\BOOKMARK [0][-]{chapter*.1}{\376\377\000S\000t\000a\000t\000e\000m\000e\000n\000t\000\040\000o\000f\000\040\000C\000o\000n\000t\000r\000i\000b\000u\000t\000i\000o\000n\000s}{}% 1
\BOOKMARK [0][-]{chapter*.3}{\376\377\000A\000c\000k\000n\000o\000w\000l\000e\000d\000g\000e\000m\000e\000n\000t\000s}{}% 2
\BOOKMARK [0][-]{chapter*.4}{\376\377\000A\000b\000s\000t\000r\000a\000c\000t}{}% 3
\BOOKMARK [0][-]{chapter*.6}{\376\377\000L\000i\000s\000t\000\040\000o\000f\000\040\000F\000i\000g\000u\000r\000e\000s}{}% 4
\BOOKMARK [0][-]{chapter*.7}{\376\377\000L\000i\000s\000t\000\040\000o\000f\000\040\000T\000a\000b\000l\000e\000s}{}% 5
\BOOKMARK [0][-]{section*.8}{\376\377\000L\000i\000s\000t\000\040\000o\000f\000\040\000A\000b\000b\000r\000e\000v\000i\000a\000t\000i\000o\000n\000s}{}% 6
\BOOKMARK [0][-]{chapter*.9}{\376\377\000L\000i\000s\000t\000\040\000o\000f\000\040\000A\000b\000b\000r\000e\000v\000i\000a\000t\000i\000o\000n\000s}{}% 7
\BOOKMARK [0][-]{chapter.1}{\376\377\0001\000\040\000I\000n\000t\000r\000o\000d\000u\000c\000t\000i\000o\000n}{}% 8
\BOOKMARK [1][-]{section.1.1}{\376\377\0001\000.\0001\000\040\000M\000o\000t\000i\000v\000a\000t\000i\000o\000n}{chapter.1}% 9
\BOOKMARK [1][-]{section.1.2}{\376\377\0001\000.\0002\000\040\000C\000e\000n\000t\000r\000a\000l\000i\000s\000e\000d\000\040\000v\000s\000.\000\040\000D\000e\000c\000e\000n\000t\000r\000a\000l\000i\000s\000e\000d\000\040\000S\000y\000s\000t\000e\000m\000s}{chapter.1}% 10
\BOOKMARK [1][-]{section.1.3}{\376\377\0001\000.\0003\000\040\000W\000h\000a\000t\000\040\000I\000s\000\040\000a\000\040\000B\000l\000o\000c\000k\000c\000h\000a\000i\000n\000?}{chapter.1}% 11
\BOOKMARK [1][-]{section.1.4}{\376\377\0001\000.\0004\000\040\000O\000u\000r\000\040\000C\000o\000n\000t\000r\000i\000b\000u\000t\000i\000o\000n\000s}{chapter.1}% 12
\BOOKMARK [1][-]{section.1.5}{\376\377\0001\000.\0005\000\040\000R\000e\000p\000o\000r\000t\000\040\000O\000r\000g\000a\000n\000i\000s\000a\000t\000i\000o\000n}{chapter.1}% 13
\BOOKMARK [0][-]{chapter.2}{\376\377\0002\000\040\000P\000r\000e\000l\000i\000m\000i\000n\000a\000r\000i\000e\000s\000\040\000a\000n\000d\000\040\000B\000a\000c\000k\000g\000r\000o\000u\000n\000d}{}% 14
\BOOKMARK [1][-]{section.2.1}{\376\377\0002\000.\0001\000\040\000P\000r\000e\000-\0002\0000\0000\0008\000\040\000F\000o\000u\000n\000d\000a\000t\000i\000o\000n\000s}{chapter.2}% 15
\BOOKMARK [2][-]{subsection.2.1.1}{\376\377\0002\000.\0001\000.\0001\000\040\000H\000a\000s\000h\000\040\000C\000h\000a\000i\000n\000s\000\040\000\050\000H\000a\000b\000e\000r\000\040\000\046\000\040\000S\000t\000o\000r\000n\000e\000t\000t\000a\000,\000\040\0001\0009\0009\0001\000\051}{section.2.1}% 16
\BOOKMARK [2][-]{subsection.2.1.2}{\376\377\0002\000.\0001\000.\0002\000\040\000M\000e\000r\000k\000l\000e\000\040\000T\000r\000e\000e\000s\000\040\000\050\0001\0009\0009\0002\000\051}{section.2.1}% 17
\BOOKMARK [2][-]{subsection.2.1.3}{\376\377\0002\000.\0001\000.\0003\000\040\000B\000i\000t\000\040\000G\000o\000l\000d\000\040\000\050\000N\000i\000c\000k\000\040\000S\000z\000a\000b\000o\000,\000\040\0001\0009\0009\0008\000\051}{section.2.1}% 18
\BOOKMARK [1][-]{section.2.2}{\376\377\0002\000.\0002\000\040\000T\000h\000e\000\040\000B\000i\000t\000c\000o\000i\000n\000\040\000W\000h\000i\000t\000e\000p\000a\000p\000e\000r}{chapter.2}% 19
\BOOKMARK [2][-]{subsection.2.2.1}{\376\377\0002\000.\0002\000.\0001\000\040\000T\000h\000e\000\040\000P\000r\000o\000b\000l\000e\000m\000\040\000w\000i\000t\000h\000\040\000T\000r\000a\000d\000i\000t\000i\000o\000n\000a\000l\000\040\000S\000y\000s\000t\000e\000m\000s}{section.2.2}% 20
\BOOKMARK [2][-]{subsection.2.2.2}{\376\377\0002\000.\0002\000.\0002\000\040\000T\000h\000e\000\040\000D\000o\000u\000b\000l\000e\000-\000S\000p\000e\000n\000d\000i\000n\000g\000\040\000P\000r\000o\000b\000l\000e\000m}{section.2.2}% 21
\BOOKMARK [2][-]{subsection.2.2.3}{\376\377\0002\000.\0002\000.\0003\000\040\000B\000i\000t\000c\000o\000i\000n\000\040\000T\000r\000a\000n\000s\000a\000c\000t\000i\000o\000n\000s}{section.2.2}% 22
\BOOKMARK [2][-]{subsection.2.2.4}{\376\377\0002\000.\0002\000.\0004\000\040\000T\000h\000e\000\040\000T\000i\000m\000e\000s\000t\000a\000m\000p\000\040\000S\000e\000r\000v\000e\000r}{section.2.2}% 23
\BOOKMARK [2][-]{subsection.2.2.5}{\376\377\0002\000.\0002\000.\0005\000\040\000P\000r\000o\000o\000f\000\040\000o\000f\000\040\000W\000o\000r\000k}{section.2.2}% 24
\BOOKMARK [0][-]{chapter.3}{\376\377\0003\000\040\000C\000o\000n\000s\000e\000n\000s\000u\000s\000\040\000M\000e\000c\000h\000a\000n\000i\000s\000m\000s\000\040\000a\000n\000d\000\040\000S\000c\000a\000l\000a\000b\000i\000l\000i\000t\000y\000\040\000E\000n\000g\000i\000n\000e\000e\000r\000i\000n\000g}{}% 25
\BOOKMARK [1][-]{section.3.1}{\376\377\0003\000.\0001\000\040\000T\000h\000e\000\040\000C\000o\000n\000s\000e\000n\000s\000u\000s\000\040\000P\000r\000o\000b\000l\000e\000m}{chapter.3}% 26
\BOOKMARK [1][-]{section.3.2}{\376\377\0003\000.\0002\000\040\000T\000y\000p\000e\000s\000\040\000o\000f\000\040\000C\000o\000n\000s\000e\000n\000s\000u\000s\000\040\000M\000e\000c\000h\000a\000n\000i\000s\000m\000s}{chapter.3}% 27
\BOOKMARK [2][-]{subsection.3.2.1}{\376\377\0003\000.\0002\000.\0001\000\040\000P\000r\000o\000o\000f\000\040\000o\000f\000\040\000W\000o\000r\000k\000\040\000\050\000P\000o\000W\000\051}{section.3.2}% 28
\BOOKMARK [2][-]{subsection.3.2.2}{\376\377\0003\000.\0002\000.\0002\000\040\000P\000r\000o\000o\000f\000\040\000o\000f\000\040\000S\000t\000a\000k\000e\000\040\000\050\000P\000o\000S\000\051}{section.3.2}% 29
\BOOKMARK [2][-]{subsection.3.2.3}{\376\377\0003\000.\0002\000.\0003\000\040\000P\000r\000a\000c\000t\000i\000c\000a\000l\000\040\000B\000y\000z\000a\000n\000t\000i\000n\000e\000\040\000F\000a\000u\000l\000t\000\040\000T\000o\000l\000e\000r\000a\000n\000c\000e\000\040\000\050\000P\000B\000F\000T\000\051}{section.3.2}% 30
\BOOKMARK [2][-]{subsection.3.2.4}{\376\377\0003\000.\0002\000.\0004\000\040\000C\000o\000m\000p\000a\000r\000i\000s\000o\000n\000\040\000o\000f\000\040\000C\000o\000n\000s\000e\000n\000s\000u\000s\000\040\000M\000e\000c\000h\000a\000n\000i\000s\000m\000s}{section.3.2}% 31
\BOOKMARK [1][-]{section.3.3}{\376\377\0003\000.\0003\000\040\000S\000c\000a\000l\000a\000b\000i\000l\000i\000t\000y\000\040\000E\000n\000g\000i\000n\000e\000e\000r\000i\000n\000g}{chapter.3}% 32
\BOOKMARK [2][-]{subsection.3.3.1}{\376\377\0003\000.\0003\000.\0001\000\040\000T\000h\000e\000\040\000S\000c\000a\000l\000a\000b\000i\000l\000i\000t\000y\000\040\000P\000r\000o\000b\000l\000e\000m}{section.3.3}% 33
\BOOKMARK [2][-]{subsection.3.3.2}{\376\377\0003\000.\0003\000.\0002\000\040\000S\000h\000a\000r\000d\000i\000n\000g}{section.3.3}% 34
\BOOKMARK [2][-]{subsection.3.3.3}{\376\377\0003\000.\0003\000.\0003\000\040\000L\000a\000y\000e\000r\000-\0002\000\040\000S\000o\000l\000u\000t\000i\000o\000n\000s}{section.3.3}% 35
\BOOKMARK [2][-]{subsection.3.3.4}{\376\377\0003\000.\0003\000.\0004\000\040\000R\000o\000l\000l\000u\000p\000s}{section.3.3}% 36
\BOOKMARK [2][-]{subsection.3.3.5}{\376\377\0003\000.\0003\000.\0005\000\040\000L\000a\000r\000g\000e\000r\000\040\000B\000l\000o\000c\000k\000\040\000S\000i\000z\000e}{section.3.3}% 37
\BOOKMARK [2][-]{subsection.3.3.6}{\376\377\0003\000.\0003\000.\0006\000\040\000S\000u\000m\000m\000a\000r\000y\000\040\000o\000f\000\040\000S\000c\000a\000l\000i\000n\000g\000\040\000A\000p\000p\000r\000o\000a\000c\000h\000e\000s}{section.3.3}% 38
\BOOKMARK [0][-]{chapter.4}{\376\377\0004\000\040\000A\000d\000v\000a\000n\000c\000e\000d\000\040\000D\000i\000r\000e\000c\000t\000i\000o\000n\000s\000\040\000a\000n\000d\000\040\000A\000p\000p\000l\000i\000c\000a\000t\000i\000o\000n\000s\000\040\000o\000f\000\040\000B\000l\000o\000c\000k\000c\000h\000a\000i\000n}{}% 39
\BOOKMARK [1][-]{section.4.1}{\376\377\0004\000.\0001\000\040\000S\000m\000a\000r\000t\000\040\000C\000o\000n\000t\000r\000a\000c\000t\000\040\000E\000v\000o\000l\000u\000t\000i\000o\000n}{chapter.4}% 40
\BOOKMARK [1][-]{section.4.2}{\376\377\0004\000.\0002\000\040\000P\000r\000i\000v\000a\000c\000y\000\040\000E\000n\000h\000a\000n\000c\000e\000m\000e\000n\000t\000s\000:\000\040\000Z\000e\000r\000o\000-\000K\000n\000o\000w\000l\000e\000d\000g\000e\000\040\000P\000r\000o\000o\000f\000s}{chapter.4}% 41
\BOOKMARK [1][-]{section.4.3}{\376\377\0004\000.\0003\000\040\000C\000r\000o\000s\000s\000-\000C\000h\000a\000i\000n\000\040\000I\000n\000t\000e\000r\000o\000p\000e\000r\000a\000b\000i\000l\000i\000t\000y}{chapter.4}% 42
\BOOKMARK [1][-]{section.4.4}{\376\377\0004\000.\0004\000\040\000A\000p\000p\000l\000i\000c\000a\000t\000i\000o\000n\000s\000\040\000o\000f\000\040\000B\000l\000o\000c\000k\000c\000h\000a\000i\000n}{chapter.4}% 43
\BOOKMARK [2][-]{subsection.4.4.1}{\376\377\0004\000.\0004\000.\0001\000\040\000F\000i\000n\000a\000n\000c\000e\000\040\000a\000n\000d\000\040\000D\000e\000c\000e\000n\000t\000r\000a\000l\000i\000s\000e\000d\000\040\000F\000i\000n\000a\000n\000c\000e\000\040\000\050\000D\000e\000F\000i\000\051}{section.4.4}% 44
\BOOKMARK [2][-]{subsection.4.4.2}{\376\377\0004\000.\0004\000.\0002\000\040\000S\000u\000p\000p\000l\000y\000\040\000C\000h\000a\000i\000n\000\040\000M\000a\000n\000a\000g\000e\000m\000e\000n\000t}{section.4.4}% 45
\BOOKMARK [2][-]{subsection.4.4.3}{\376\377\0004\000.\0004\000.\0003\000\040\000H\000e\000a\000l\000t\000h\000c\000a\000r\000e}{section.4.4}% 46
\BOOKMARK [2][-]{subsection.4.4.4}{\376\377\0004\000.\0004\000.\0004\000\040\000D\000i\000g\000i\000t\000a\000l\000\040\000I\000d\000e\000n\000t\000i\000t\000y}{section.4.4}% 47
\BOOKMARK [2][-]{subsection.4.4.5}{\376\377\0004\000.\0004\000.\0005\000\040\000S\000u\000m\000m\000a\000r\000y\000\040\000o\000f\000\040\000A\000p\000p\000l\000i\000c\000a\000t\000i\000o\000n\000s}{section.4.4}% 48
\BOOKMARK [0][-]{chapter.5}{\376\377\0005\000\040\000C\000h\000a\000l\000l\000e\000n\000g\000e\000s\000\040\000i\000n\000\040\000B\000l\000o\000c\000k\000c\000h\000a\000i\000n\000\040\000a\000n\000d\000\040\000t\000h\000e\000\040\000B\000l\000o\000c\000k\000c\000h\000a\000i\000n\000\040\000T\000r\000i\000l\000e\000m\000m\000a}{}% 49
\BOOKMARK [1][-]{section.5.1}{\376\377\0005\000.\0001\000\040\000S\000c\000a\000l\000a\000b\000i\000l\000i\000t\000y\000\040\000I\000s\000s\000u\000e\000s}{chapter.5}% 50
\BOOKMARK [1][-]{section.5.2}{\376\377\0005\000.\0002\000\040\000H\000i\000g\000h\000\040\000E\000n\000e\000r\000g\000y\000\040\000C\000o\000n\000s\000u\000m\000p\000t\000i\000o\000n}{chapter.5}% 51
\BOOKMARK [1][-]{section.5.3}{\376\377\0005\000.\0003\000\040\000L\000a\000t\000e\000n\000c\000y\000\040\000a\000n\000d\000\040\000S\000p\000e\000e\000d}{chapter.5}% 52
\BOOKMARK [1][-]{section.5.4}{\376\377\0005\000.\0004\000\040\000H\000i\000g\000h\000\040\000T\000r\000a\000n\000s\000a\000c\000t\000i\000o\000n\000\040\000F\000e\000e\000s}{chapter.5}% 53
\BOOKMARK [1][-]{section.5.5}{\376\377\0005\000.\0005\000\040\000T\000h\000e\000\040\000B\000l\000o\000c\000k\000c\000h\000a\000i\000n\000\040\000T\000r\000i\000l\000e\000m\000m\000a}{chapter.5}% 54
\BOOKMARK [0][-]{chapter.6}{\376\377\0006\000\040\000C\000o\000n\000c\000l\000u\000s\000i\000o\000n\000\040\000a\000n\000d\000\040\000F\000u\000t\000u\000r\000e\000\040\000W\000o\000r\000k}{}% 55
\BOOKMARK [1][-]{section.6.1}{\376\377\0006\000.\0001\000\040\000C\000o\000n\000c\000l\000u\000s\000i\000o\000n}{chapter.6}% 56
\BOOKMARK [1][-]{section.6.2}{\376\377\0006\000.\0002\000\040\000F\000u\000t\000u\000r\000e\000\040\000D\000i\000r\000e\000c\000t\000i\000o\000n\000s}{chapter.6}% 57
\BOOKMARK [2][-]{subsection.6.2.1}{\376\377\0006\000.\0002\000.\0001\000\040\000S\000c\000a\000l\000a\000b\000l\000e\000\040\000B\000l\000o\000c\000k\000c\000h\000a\000i\000n\000\040\000S\000y\000s\000t\000e\000m\000s}{section.6.2}% 58
\BOOKMARK [2][-]{subsection.6.2.2}{\376\377\0006\000.\0002\000.\0002\000\040\000E\000n\000e\000r\000g\000y\000-\000E\000f\000f\000i\000c\000i\000e\000n\000t\000\040\000C\000o\000n\000s\000e\000n\000s\000u\000s}{section.6.2}% 59
\BOOKMARK [2][-]{subsection.6.2.3}{\376\377\0006\000.\0002\000.\0003\000\040\000C\000r\000o\000s\000s\000-\000C\000h\000a\000i\000n\000\040\000E\000c\000o\000s\000y\000s\000t\000e\000m\000s}{section.6.2}% 60
\BOOKMARK [2][-]{subsection.6.2.4}{\376\377\0006\000.\0002\000.\0004\000\040\000I\000n\000t\000e\000g\000r\000a\000t\000i\000o\000n\000\040\000w\000i\000t\000h\000\040\000A\000I\000\040\000a\000n\000d\000\040\000I\000o\000T}{section.6.2}% 61
\BOOKMARK [2][-]{subsection.6.2.5}{\376\377\0006\000.\0002\000.\0005\000\040\000R\000e\000g\000u\000l\000a\000t\000o\000r\000y\000\040\000a\000n\000d\000\040\000G\000o\000v\000e\000r\000n\000a\000n\000c\000e\000\040\000F\000r\000a\000m\000e\000w\000o\000r\000k\000s}{section.6.2}% 62
\BOOKMARK [0][-]{appendix.A}{\376\377\000A\000\040\000S\000u\000p\000p\000l\000e\000m\000e\000n\000t\000a\000r\000y\000\040\000C\000o\000d\000e\000:\000\040\000S\000i\000m\000p\000l\000e\000\040\000B\000l\000o\000c\000k\000c\000h\000a\000i\000n\000\040\000i\000n\000\040\000P\000y\000t\000h\000o\000n}{}% 63
\BOOKMARK [0][-]{appendix.B}{\376\377\000B\000\040\000B\000l\000o\000c\000k\000c\000h\000a\000i\000n\000\040\000S\000t\000r\000u\000c\000t\000u\000r\000e\000\040\000D\000i\000a\000g\000r\000a\000m}{}% 64
\BOOKMARK [0][-]{appendix.C}{\376\377\000C\000\040\000G\000l\000o\000s\000s\000a\000r\000y\000\040\000o\000f\000\040\000B\000l\000o\000c\000k\000c\000h\000a\000i\000n\000\040\000T\000e\000r\000m\000s}{}% 65
